Cazul 1: lambda 0
Cuvantul lambda apartine limbajului!
Cazul 1: lambda 0
Cazul 1: a 1
Cazul 1: aa 0
Cuvantul aa apartine limbajului!
Cazul 1: lambda 0
Cazul 1: b 2
Cazul 1: bb 3
Cazul 1: bbb 4
Cuvantul bbb apartine limbajului!
Cazul 1: lambda 0
Cazul 1: a 1
Cazul 1: aa 0
Cazul 1: aaa 1
Cazul 1: aaaa 0
Cazul 1: aaaab 2
Cazul 1: aaaabb 3
Cazul 1: aaaabbb 4
Cazul 1: aaaabbbb 2
Cazul 1: aaaabbbbb 3
Cazul 1: aaaabbbbbb 4
Cuvantul aaaabbbbbb apartine limbajului!
Cazul 1: lambda 0
Cazul 1: a 1
Cuvantul ab NU apartine limbajului!
Cazul 1: lambda 0
Cazul 1: a 1
Cazul 1: aa 0
Cazul 1: aab 2
Cuvantul aab NU apartine limbajului!
