Cazul 1: lambda 0
Cuvantul lambda NU apartine limbajului!
Cazul 1: lambda 0
Cazul 1: a 0
Cazul 1: aa 0
Cazul 1: aaa 0
Cazul 1.2: aaa 1
Cazul 1.2: aa 1
Cazul 1.2.1: aaa 2
Cazul 1.2: a 1
Cazul 1.2.1: aa 2
Cazul 1.2.1: aaa 3
Cuvantul aaa apartine limbajului!
Cazul 1: lambda 0
Cazul 1: a 0
Cazul 1: aa 0
Cazul 1: aab 0
Cazul 1: aaba 0
Cazul 1: aabaa 0
Cazul 1: aabaaa 0
Cazul 1.2: aabaaa 1
Cazul 1.2: aabaa 1
Cazul 1.2.1: aabaaa 2
Cazul 1.2: aaba 1
Cazul 1.2.1: aabaa 2
Cazul 1.2.1: aabaaa 3
Cazul 1.2: aa 1
Cazul 1.2: a 1
Cazul 1.2.1: aa 2
Cuvantul aabaaa apartine limbajului!
Cazul 1: lambda 0
Cazul 1: a 0
Cazul 1: aa 0
Cazul 1: aab 0
Cazul 1: aaba 0
Cazul 1: aabaa 0
Cazul 1.2: aabaa 1
Cazul 1.2: aaba 1
Cazul 1.2.1: aabaa 2
Cazul 1.2: aa 1
Cazul 1.2: a 1
Cazul 1.2.1: aa 2
Cuvantul aabaa NU apartine limbajului!
Cazul 1: lambda 0
Cazul 1: a 0
Cazul 1: aa 0
Cazul 1: aaa 0
Cazul 1: aaaa 0
Cazul 1: aaaaa 0
Cazul 1: aaaaaa 0
Cazul 1.2: aaaaaa 1
Cazul 1.2: aaaaa 1
Cazul 1.2.1: aaaaaa 2
Cazul 1.2: aaaa 1
Cazul 1.2.1: aaaaa 2
Cazul 1.2.1: aaaaaa 3
Cazul 1.2: aaa 1
Cazul 1.2.1: aaaa 2
Cazul 1.2.1: aaaaa 3
Cazul 1.2: aa 1
Cazul 1.2.1: aaa 2
Cazul 1.2.1: aaaa 3
Cazul 1.2: a 1
Cazul 1.2.1: aa 2
Cazul 1.2.1: aaa 3
Cuvantul aaaaaa apartine limbajului!
Cazul 1: lambda 0
Cazul 1: b 0
Cazul 1: bb 0
Cazul 1: bbb 0
Cazul 1: bbba 0
Cazul 1: bbbaa 0
Cazul 1: bbbaab 0
Cazul 1: bbbaaba 0
Cazul 1: bbbaabaa 0
Cazul 1: bbbaabaaa 0
Cazul 1.2: bbbaabaaa 1
Cazul 1.2: bbbaabaa 1
Cazul 1.2.1: bbbaabaaa 2
Cazul 1.2: bbbaaba 1
Cazul 1.2.1: bbbaabaa 2
Cazul 1.2.1: bbbaabaaa 3
Cazul 1.2: bbbaa 1
Cazul 1.2: bbba 1
Cazul 1.2.1: bbbaa 2
Cuvantul bbbaabaaa apartine limbajului!
Cazul 1: lambda 0
Cazul 1: b 0
Cazul 1: ba 0
Cazul 1: baa 0
Cazul 1: baaa 0
Cazul 1: baaab 0
Cazul 1: baaaba 0
Cazul 1: baaabaa 0
Cazul 1: baaabaab 0
Cazul 1: baaabaaba 0
Cazul 1.2: baaabaaba 1
Cazul 1.2: baaabaa 1
Cazul 1.2: baaaba 1
Cazul 1.2.1: baaabaa 2
Cazul 1.2: baaa 1
Cazul 1.2: baa 1
Cazul 1.2.1: baaa 2
Cazul 1.2: ba 1
Cazul 1.2.1: baa 2
Cazul 1.2.1: baaa 3
Cuvantul baaabaaba NU apartine limbajului!
